<?xml version="1.0" encoding="UTF-8"?>
<testsuite xmlns:xsi="http://www.w3.org/2001/XMLSchema-instance" xsi:noNamespaceSchemaLocation="https://maven.apache.org/surefire/maven-surefire-plugin/xsd/surefire-test-report-3.0.xsd" version="3.0" name="com.compica.pdfrenamer.AppTest" time="0.018" tests="1" errors="0" skipped="0" failures="0">
  <properties>
    <property name="java.specification.version" value="17"/>
    <property name="sun.cpu.isalist" value="amd64"/>
    <property name="sun.jnu.encoding" value="Cp1252"/>
    <property name="java.class.path" value="C:\dev\src\pdf-renamer\target\test-classes;C:\dev\src\pdf-renamer\target\classes;C:\Users\marti\.m2\repository\junit\junit\3.8.1\junit-3.8.1.jar;C:\Users\marti\.m2\repository\org\apache\pdfbox\pdfbox-app\2.0.24\pdfbox-app-2.0.24.jar;C:\Users\marti\.m2\repository\com\fasterxml\jackson\core\jackson-databind\2.16.1\jackson-databind-2.16.1.jar;C:\Users\marti\.m2\repository\com\fasterxml\jackson\core\jackson-core\2.16.1\jackson-core-2.16.1.jar;C:\Users\marti\.m2\repository\com\fasterxml\jackson\core\jackson-annotations\2.16.1\jackson-annotations-2.16.1.jar;"/>
    <property name="java.vm.vendor" value="Oracle Corporation"/>
    <property name="sun.arch.data.model" value="64"/>
    <property name="user.variant" value=""/>
    <property name="java.vendor.url" value="https://java.oracle.com/"/>
    <property name="user.timezone" value="America/Toronto"/>
    <property name="user.country.format" value="US"/>
    <property name="os.name" value="Windows 10"/>
    <property name="java.vm.specification.version" value="17"/>
    <property name="sun.java.launcher" value="SUN_STANDARD"/>
    <property name="user.country" value="CA"/>
    <property name="sun.boot.library.path" value="C:\dev\app\jdk-17\bin"/>
    <property name="sun.java.command" value="C:\Users\marti\AppData\Local\Temp\surefire15682069287708175217\surefirebooter-20231229215643538_3.jar C:\Users\marti\AppData\Local\Temp\surefire15682069287708175217 2023-12-29T21-56-43_199-jvmRun1 surefire-20231229215643538_1tmp surefire_0-20231229215643538_2tmp"/>
    <property name="jdk.debug" value="release"/>
    <property name="surefire.test.class.path" value="C:\dev\src\pdf-renamer\target\test-classes;C:\dev\src\pdf-renamer\target\classes;C:\Users\marti\.m2\repository\junit\junit\3.8.1\junit-3.8.1.jar;C:\Users\marti\.m2\repository\org\apache\pdfbox\pdfbox-app\2.0.24\pdfbox-app-2.0.24.jar;C:\Users\marti\.m2\repository\com\fasterxml\jackson\core\jackson-databind\2.16.1\jackson-databind-2.16.1.jar;C:\Users\marti\.m2\repository\com\fasterxml\jackson\core\jackson-core\2.16.1\jackson-core-2.16.1.jar;C:\Users\marti\.m2\repository\com\fasterxml\jackson\core\jackson-annotations\2.16.1\jackson-annotations-2.16.1.jar;"/>
    <property name="sun.cpu.endian" value="little"/>
    <property name="user.home" value="C:\Users\marti"/>
    <property name="user.language" value="fr"/>
    <property name="java.specification.vendor" value="Oracle Corporation"/>
    <property name="java.version.date" value="2021-09-14"/>
    <property name="java.home" value="C:\dev\app\jdk-17"/>
    <property name="file.separator" value="\"/>
    <property name="basedir" value="C:\dev\src\pdf-renamer"/>
    <property name="java.vm.compressedOopsMode" value="Zero based"/>
    <property name="line.separator" value="&#10;"/>
    <property name="java.vm.specification.vendor" value="Oracle Corporation"/>
    <property name="java.specification.name" value="Java Platform API Specification"/>
    <property name="surefire.real.class.path" value="C:\Users\marti\AppData\Local\Temp\surefire15682069287708175217\surefirebooter-20231229215643538_3.jar"/>
    <property name="user.script" value=""/>
    <property name="sun.management.compiler" value="HotSpot 64-Bit Tiered Compilers"/>
    <property name="java.runtime.version" value="17+35-2724"/>
    <property name="user.name" value="marti"/>
    <property name="path.separator" value=";"/>
    <property name="os.version" value="10.0"/>
    <property name="java.runtime.name" value="OpenJDK Runtime Environment"/>
    <property name="file.encoding" value="Cp1252"/>
    <property name="java.vm.name" value="OpenJDK 64-Bit Server VM"/>
    <property name="localRepository" value="C:\Users\marti\.m2\repository"/>
    <property name="java.vendor.url.bug" value="https://bugreport.java.com/bugreport/"/>
    <property name="java.io.tmpdir" value="C:\Users\marti\AppData\Local\Temp\"/>
    <property name="java.version" value="17"/>
    <property name="user.dir" value="C:\dev\src\pdf-renamer"/>
    <property name="os.arch" value="amd64"/>
    <property name="java.vm.specification.name" value="Java Virtual Machine Specification"/>
    <property name="user.language.format" value="en"/>
    <property name="sun.os.patch.level" value=""/>
    <property name="native.encoding" value="Cp1252"/>
    <property name="java.library.path" value="C:\dev\app\jdk-17\bin;C:\Windows\Sun\Java\bin;C:\Windows\system32;C:\Windows;C:\Users\marti\bin;C:\Program Files\Git\mingw64\bin;C:\Program Files\Git\usr\local\bin;C:\Program Files\Git\usr\bin;C:\Program Files\Git\usr\bin;C:\Program Files\Git\mingw64\bin;C:\Program Files\Git\usr\bin;C:\Users\marti\bin;C:\Program Files\Eclipse Adoptium\jdk-17.0.8.7-hotspot\bin;C:\Windows\system32;C:\Windows;C:\Windows\System32\Wbem;C:\Windows\System32\WindowsPowerShell\v1.0;C:\Windows\System32\OpenSSH;C:\Program Files\Microsoft VS Code\bin;C:\Program Files\Go\bin;C:\Program Files\Git\cmd;C:\Program Files\dotnet;C:\dev\app\xampp\php;C:\ProgramData\ComposerSetup\bin;C:\Users\marti\AppData\Roaming\nvm;C:\Program Files\nodejs;C:\ProgramData\chocolatey\bin;C:\Program Files\PuTTY;C:\Program Files (x86)\PDFtk\bin;C:\Program Files\PowerShell\7;C:\Program Files\Calibre2;C:\Program Files\GitHub CLI;C:\Program Files\Docker\Docker\resources\bin;C:\ProgramData\chocolatey\lib\maven\apache-maven-3.9.6\bin;C:\Program Files\JetBrains\IntelliJ IDEA Community Edition 2022.2.3\bin;C:\Users\marti\go\bin;C:\Program Files\JetBrains\PyCharm Community Edition 2022.2.4\bin;C:\Users\marti\AppData\Roaming\Composer\vendor\bin;C:\Users\marti\AppData\Roaming\nvm;C:\Program Files\nodejs;C:\tools\neovim\nvim-win64\bin;C:\Users\marti\AppData\Local\Programs\MiKTeX\miktex\bin\x64;C:\dev\app\jdk-17\bin;C:\Program Files\Neovim\bin;C:\Users\marti\Dropbox\Applications\todo;C:\Program Files\Git\usr\bin\vendor_perl;C:\Program Files\Git\usr\bin\core_perl;."/>
    <property name="java.vm.info" value="mixed mode, sharing"/>
    <property name="java.vendor" value="Oracle Corporation"/>
    <property name="java.vm.version" value="17+35-2724"/>
    <property name="sun.io.unicode.encoding" value="UnicodeLittle"/>
    <property name="java.class.version" value="61.0"/>
  </properties>
  <testcase name="testApp" classname="com.compica.pdfrenamer.AppTest" time="0.002"/>
</testsuite>